<?xml version="1.0" encoding="UTF-8"?>
<testsuite xmlns:xsi="http://www.w3.org/2001/XMLSchema-instance" xsi:noNamespaceSchemaLocation="https://maven.apache.org/surefire/maven-surefire-plugin/xsd/surefire-test-report.xsd" version="3.0.2" name="com.example.weather.client.OpenWeatherClientTest" time="1.638" tests="4" errors="0" skipped="0" failures="0">
  <properties>
[...]
</properties>
  <testcase name="givenSuccessResponse_parsesFieldsCorrectly" classname="com.example.weather.client.OpenWeatherClientTest" time="1.571">
    <system-out><![CDATA[11:38:39.040 [main] INFO com.example.weather.client.OpenWeatherClient -- Calling OpenWeather API for city='London'
]]></system-out>
    <system-err><![CDATA[Mockito is currently self-attaching to enable the inline-mock-maker. This will no longer work in future releases of the JDK. Please add Mockito as an agent to your build what is described in Mockito's documentation: https://javadoc.io/doc/org.mockito/mockito-core/latest/org/mockito/Mockito.html#0.3
]]></system-err>
  </testcase>
  <testcase name="given401Response_throwsWeatherServiceException" classname="com.example.weather.client.OpenWeatherClientTest" time="0.016">
    <system-out><![CDATA[11:38:39.158 [main] INFO com.example.weather.client.OpenWeatherClient -- Calling OpenWeather API for city='London'
]]></system-out>
  </testcase>
  <testcase name="given404Response_throwsCityNotFoundException" classname="com.example.weather.client.OpenWeatherClientTest" time="0.006">
    <system-out><![CDATA[11:38:39.167 [main] INFO com.example.weather.client.OpenWeatherClient -- Calling OpenWeather API for city='Nowhere'
]]></system-out>
  </testcase>
  <testcase name="givenNetworkFailure_throwsWeatherServiceException" classname="com.example.weather.client.OpenWeatherClientTest" time="0.006">
    <system-out><![CDATA[11:38:39.174 [main] INFO com.example.weather.client.OpenWeatherClient -- Calling OpenWeather API for city='London'
]]></system-out>
  </testcase>
</testsuite>